2025-09-12 09:21:47 -07:00: [dotenv@17.2.2] injecting env (1) from .env -- tip: ⚙️  suppress all logs with { quiet: true }
2025-09-12 09:21:47 -07:00: Space Marine 2 Talent Calculator server running on port 3000
2025-09-12 09:21:51 -07:00: [dotenv@17.2.2] injecting env (1) from .env -- tip: 🔐 encrypt with Dotenvx: https://dotenvx.com
2025-09-12 09:21:51 -07:00: Space Marine 2 Talent Calculator server running on port 3000
2025-09-12 09:21:57 -07:00: 2025-09-12T16:21:57.604Z - GET /?b=1.assault.MhIhIwA
2025-09-12 09:21:57 -07:00: 2025-09-12T16:21:57.703Z - GET /styles.css
2025-09-12 09:21:57 -07:00: 2025-09-12T16:21:57.704Z - GET /app.js
2025-09-12 09:21:57 -07:00: 2025-09-12T16:21:57.861Z - GET /data/assault.json
2025-09-12 09:21:57 -07:00: 2025-09-12T16:21:57.878Z - GET /favicon.ico
2025-09-12 09:21:57 -07:00: 2025-09-12T16:21:57.943Z - GET /data/bulwark.json
2025-09-12 09:21:58 -07:00: 2025-09-12T16:21:58.024Z - GET /data/vanguard.json
2025-09-12 09:21:58 -07:00: 2025-09-12T16:21:58.106Z - GET /data/tactical.json
2025-09-12 09:21:58 -07:00: 2025-09-12T16:21:58.187Z - GET /data/heavy.json
2025-09-12 09:21:58 -07:00: 2025-09-12T16:21:58.267Z - GET /data/sniper.json
2025-09-12 09:21:58 -07:00: 2025-09-12T16:21:58.347Z - GET /resources/Assault/assaultclassicon.webp
2025-09-12 09:21:58 -07:00: 2025-09-12T16:21:58.348Z - GET /resources/Bulwark/bulwarkclassicon.webp
2025-09-12 09:21:58 -07:00: 2025-09-12T16:21:58.349Z - GET /resources/Vanguard/vanguardclassicon.webp
2025-09-12 09:21:58 -07:00: 2025-09-12T16:21:58.352Z - GET /resources/Assault/assault02.webp
2025-09-12 09:21:58 -07:00: 2025-09-12T16:21:58.353Z - GET /resources/Tactical/tacticalclassicon.webp
2025-09-12 09:21:58 -07:00: 2025-09-12T16:21:58.353Z - GET /resources/Sniper/sniperclassicon.webp
2025-09-12 09:21:58 -07:00: 2025-09-12T16:21:58.354Z - GET /resources/Heavy/heavyclassicon.webp
2025-09-12 09:21:58 -07:00: 2025-09-12T16:21:58.357Z - GET /resources/Assault/assault10.webp
2025-09-12 09:21:58 -07:00: 2025-09-12T16:21:58.362Z - GET /resources/Assault/assault18.webp
2025-09-12 09:21:58 -07:00: 2025-09-12T16:21:58.362Z - GET /resources/Assault/assault03.webp
2025-09-12 09:21:58 -07:00: 2025-09-12T16:21:58.364Z - GET /resources/Assault/assault19.webp
2025-09-12 09:21:58 -07:00: 2025-09-12T16:21:58.365Z - GET /resources/Assault/assault11.webp
2025-09-12 09:21:58 -07:00: 2025-09-12T16:21:58.366Z - GET /resources/Assault/assault04.webp
2025-09-12 09:21:58 -07:00: 2025-09-12T16:21:58.366Z - GET /resources/Assault/assault13.webp
2025-09-12 09:21:58 -07:00: 2025-09-12T16:21:58.367Z - GET /resources/Assault/assault12.webp
2025-09-12 09:21:58 -07:00: 2025-09-12T16:21:58.368Z - GET /resources/Assault/assault22.webp
2025-09-12 09:21:58 -07:00: 2025-09-12T16:21:58.369Z - GET /resources/Assault/assault21.webp
2025-09-12 09:21:58 -07:00: 2025-09-12T16:21:58.370Z - GET /resources/Assault/assault06.webp
2025-09-12 09:21:58 -07:00: 2025-09-12T16:21:58.372Z - GET /resources/Assault/assault14.webp
2025-09-12 09:21:58 -07:00: 2025-09-12T16:21:58.374Z - GET /resources/Assault/assault05.webp
2025-09-12 09:21:58 -07:00: 2025-09-12T16:21:58.374Z - GET /resources/Assault/assault20.webp
2025-09-12 09:21:58 -07:00: 2025-09-12T16:21:58.418Z - GET /resources/Assault/assault15.webp
2025-09-12 09:21:58 -07:00: 2025-09-12T16:21:58.418Z - GET /resources/Assault/assault07.webp
2025-09-12 09:21:58 -07:00: 2025-09-12T16:21:58.422Z - GET /resources/Assault/assault08.webp
2025-09-12 09:21:58 -07:00: 2025-09-12T16:21:58.422Z - GET /resources/Assault/assault23.webp
2025-09-12 09:21:58 -07:00: 2025-09-12T16:21:58.422Z - GET /resources/Assault/assault16.webp
2025-09-12 09:21:58 -07:00: 2025-09-12T16:21:58.423Z - GET /resources/Assault/assault24.webp
2025-09-12 09:21:58 -07:00: 2025-09-12T16:21:58.427Z - GET /resources/Assault/assault09.webp
2025-09-12 09:21:58 -07:00: 2025-09-12T16:21:58.427Z - GET /resources/Assault/assault17.webp
2025-09-12 09:21:58 -07:00: 2025-09-12T16:21:58.429Z - GET /resources/Assault/assault25.webp
